# JRE version: Java(TM) SE Runtime Environment (8.0_271-b09) (build 1.8.0_271-b09)
# Java VM: Java HotSpot(TM) 64-Bit Server VM (25.271-b09 mixed mode windows-amd64 compressed oops)
Heap:
 PSYoungGen      total 680960K, used 657152K [0x00000000d5580000, 0x0000000100000000, 0x0000000100000000)
  eden space 668160K, 96% used [0x00000000d5580000,0x00000000fcac17c0,0x00000000fe200000)
  from space 12800K, 99% used [0x00000000ff380000,0x00000000ffffe990,0x0000000100000000)
  to   space 15360K, 0% used [0x00000000fe200000,0x00000000fe200000,0x00000000ff100000)
 ParOldGen       total 409088K, used 202780K [0x0000000080000000, 0x0000000098f80000, 0x00000000d5580000)
  object space 409088K, 49% used [0x0000000080000000,0x000000008c607318,0x0000000098f80000)
 Metaspace       used 58650K, capacity 65474K, committed 65688K, reserved 1103872K
  class space    used 8877K, capacity 10647K, committed 10664K, reserved 1048576K
GC Heap History (10 events):
Event: 27.349 GC heap before
{Heap before GC invocations=93 (full 3):
 PSYoungGen      total 686592K, used 681498K [0x00000000d5580000, 0x0000000100000000, 0x0000000100000000)
  eden space 674816K, 100% used [0x00000000d5580000,0x00000000fe880000,0x00000000fe880000)
  from space 11776K, 56% used [0x00000000fe880000,0x00000000fef06970,0x00000000ff400000)
  to   space 11776K, 0% used [0x00000000ff480000,0x00000000ff480000,0x0000000100000000)
 ParOldGen       total 409088K, used 198633K [0x0000000080000000, 0x0000000098f80000, 0x00000000d5580000)
  object space 409088K, 48% used [0x0000000080000000,0x000000008c1fa738,0x0000000098f80000)
 Metaspace       used 57077K, capacity 63790K, committed 64024K, reserved 1103872K
  class space    used 8668K, capacity 10435K, committed 10536K, reserved 1048576K
Event: 27.359 GC heap after
Heap after GC invocations=93 (full 3):
 PSYoungGen      total 686080K, used 6970K [0x00000000d5580000, 0x0000000100000000, 0x0000000100000000)
  eden space 674304K, 0% used [0x00000000d5580000,0x00000000d5580000,0x00000000fe800000)
  from space 11776K, 59% used [0x00000000ff480000,0x00000000ffb4e970,0x0000000100000000)
  to   space 12288K, 0% used [0x00000000fe800000,0x00000000fe800000,0x00000000ff400000)
 ParOldGen       total 409088K, used 198777K [0x0000000080000000, 0x0000000098f80000, 0x00000000d5580000)
  object space 409088K, 48% used [0x0000000080000000,0x000000008c21e738,0x0000000098f80000)
 Metaspace       used 57077K, capacity 63790K, committed 64024K, reserved 1103872K
  class space    used 8668K, capacity 10435K, committed 10536K, reserved 1048576K
}
Event: 27.567 GC heap before
{Heap before GC invocations=94 (full 3):
 PSYoungGen      total 686080K, used 681274K [0x00000000d5580000, 0x0000000100000000, 0x0000000100000000)
  eden space 674304K, 100% used [0x00000000d5580000,0x00000000fe800000,0x00000000fe800000)
  from space 11776K, 59% used [0x00000000ff480000,0x00000000ffb4e970,0x0000000100000000)
  to   space 12288K, 0% used [0x00000000fe800000,0x00000000fe800000,0x00000000ff400000)
 ParOldGen       total 409088K, used 198777K [0x0000000080000000, 0x0000000098f80000, 0x00000000d5580000)
  object space 409088K, 48% used [0x0000000080000000,0x000000008c21e738,0x0000000098f80000)
 Metaspace       used 57079K, capacity 63790K, committed 64024K, reserved 1103872K
  class space    used 8668K, capacity 10435K, committed 10536K, reserved 1048576K
Event: 27.574 GC heap after
Heap after GC invocations=94 (full 3):
 PSYoungGen      total 686592K, used 7322K [0x00000000d5580000, 0x0000000100000000, 0x0000000100000000)
  eden space 674304K, 0% used [0x00000000d5580000,0x00000000d5580000,0x00000000fe800000)
  from space 12288K, 59% used [0x00000000fe800000,0x00000000fef26970,0x00000000ff400000)
  to   space 12288K, 0% used [0x00000000ff400000,0x00000000ff400000,0x0000000100000000)
 ParOldGen       total 409088K, used 199153K [0x0000000080000000, 0x0000000098f80000, 0x00000000d5580000)
  object space 409088K, 48% used [0x0000000080000000,0x000000008c27c738,0x0000000098f80000)
 Metaspace       used 57079K, capacity 63790K, committed 64024K, reserved 1103872K
  class space    used 8668K, capacity 10435K, committed 10536K, reserved 1048576K
}
Event: 27.778 GC heap before
{Heap before GC invocations=95 (full 3):
 PSYoungGen      total 686592K, used 681626K [0x00000000d5580000, 0x0000000100000000, 0x0000000100000000)
  eden space 674304K, 100% used [0x00000000d5580000,0x00000000fe800000,0x00000000fe800000)
  from space 12288K, 59% used [0x00000000fe800000,0x00000000fef26970,0x00000000ff400000)
  to   space 12288K, 0% used [0x00000000ff400000,0x00000000ff400000,0x0000000100000000)
 ParOldGen       total 409088K, used 199153K [0x0000000080000000, 0x0000000098f80000, 0x00000000d5580000)
  object space 409088K, 48% used [0x0000000080000000,0x000000008c27c738,0x0000000098f80000)
 Metaspace       used 57261K, capacity 63956K, committed 64280K, reserved 1103872K
  class space    used 8704K, capacity 10468K, committed 10536K, reserved 1048576K
Event: 27.787 GC heap after
Heap after GC invocations=95 (full 3):
 PSYoungGen      total 686592K, used 6301K [0x00000000d5580000, 0x0000000100000000, 0x0000000100000000)
  eden space 674304K, 0% used [0x00000000d5580000,0x00000000d5580000,0x00000000fe800000)
  from space 12288K, 51% used [0x00000000ff400000,0x00000000ffa27720,0x0000000100000000)
  to   space 12288K, 0% used [0x00000000fe800000,0x00000000fe800000,0x00000000ff400000)
 ParOldGen       total 409088K, used 200501K [0x0000000080000000, 0x0000000098f80000, 0x00000000d5580000)
  object space 409088K, 49% used [0x0000000080000000,0x000000008c3cd750,0x0000000098f80000)
 Metaspace       used 57261K, capacity 63956K, committed 64280K, reserved 1103872K
  class space    used 8704K, capacity 10468K, committed 10536K, reserved 1048576K
}
Event: 28.045 GC heap before
{Heap before GC invocations=96 (full 3):
 PSYoungGen      total 686592K, used 680605K [0x00000000d5580000, 0x0000000100000000, 0x0000000100000000)
  eden space 674304K, 100% used [0x00000000d5580000,0x00000000fe800000,0x00000000fe800000)
  from space 12288K, 51% used [0x00000000ff400000,0x00000000ffa27720,0x0000000100000000)
  to   space 12288K, 0% used [0x00000000fe800000,0x00000000fe800000,0x00000000ff400000)
 ParOldGen       total 409088K, used 200501K [0x0000000080000000, 0x0000000098f80000, 0x00000000d5580000)
  object space 409088K, 49% used [0x0000000080000000,0x000000008c3cd750,0x0000000098f80000)
 Metaspace       used 57960K, capacity 64648K, committed 64920K, reserved 1103872K
  class space    used 8789K, capacity 10568K, committed 10664K, reserved 1048576K
Event: 28.055 GC heap after
Heap after GC invocations=96 (full 3):
 PSYoungGen      total 681984K, used 7533K [0x00000000d5580000, 0x0000000100000000, 0x0000000100000000)
  eden space 674304K, 0% used [0x00000000d5580000,0x00000000d5580000,0x00000000fe800000)
  from space 7680K, 98% used [0x00000000fe800000,0x00000000fef5b730,0x00000000fef80000)
  to   space 12800K, 0% used [0x00000000ff380000,0x00000000ff380000,0x0000000100000000)
 ParOldGen       total 409088K, used 200597K [0x0000000080000000, 0x0000000098f80000, 0x00000000d5580000)
  object space 409088K, 49% used [0x0000000080000000,0x000000008c3e5750,0x0000000098f80000)
 Metaspace       used 57960K, capacity 64648K, committed 64920K, reserved 1103872K
  class space    used 8789K, capacity 10568K, committed 10664K, reserved 1048576K
}
Event: 28.434 GC heap before
{Heap before GC invocations=97 (full 3):
 PSYoungGen      total 681984K, used 681837K [0x00000000d5580000, 0x0000000100000000, 0x0000000100000000)
  eden space 674304K, 100% used [0x00000000d5580000,0x00000000fe800000,0x00000000fe800000)
  from space 7680K, 98% used [0x00000000fe800000,0x00000000fef5b730,0x00000000fef80000)
  to   space 12800K, 0% used [0x00000000ff380000,0x00000000ff380000,0x0000000100000000)
 ParOldGen       total 409088K, used 200597K [0x0000000080000000, 0x0000000098f80000, 0x00000000d5580000)
  object space 409088K, 49% used [0x0000000080000000,0x000000008c3e5750,0x0000000098f80000)
 Metaspace       used 58436K, capacity 65208K, committed 65432K, reserved 1103872K
  class space    used 8844K, capacity 10614K, committed 10664K, reserved 1048576K
Event: 28.455 GC heap after
Heap after GC invocations=97 (full 3):
 PSYoungGen      total 680960K, used 12794K [0x00000000d5580000, 0x0000000100000000, 0x0000000100000000)
  eden space 668160K, 0% used [0x00000000d5580000,0x00000000d5580000,0x00000000fe200000)
  from space 12800K, 99% used [0x00000000ff380000,0x00000000ffffe990,0x0000000100000000)
  to   space 15360K, 0% used [0x00000000fe200000,0x00000000fe200000,0x00000000ff100000)
 ParOldGen       total 409088K, used 202780K [0x0000000080000000, 0x0000000098f80000, 0x00000000d5580000)
  object space 409088K, 49% used [0x0000000080000000,0x000000008c607318,0x0000000098f80000)
 Metaspace       used 58436K, capacity 65208K, committed 65432K, reserved 1103872K
  class space    used 8844K, capacity 10614K, committed 10664K, reserved 1048576K
}

