# JRE version: Java(TM) SE Runtime Environment (8.0_271-b09) (build 1.8.0_271-b09)
# Java VM: Java HotSpot(TM) 64-Bit Server VM (25.271-b09 mixed mode windows-amd64 compressed oops)
Heap:
 PSYoungGen      total 681472K, used 331652K [0x00000000d5580000, 0x00000000fff00000, 0x0000000100000000)
  eden space 666112K, 49% used [0x00000000d5580000,0x00000000e97986b0,0x00000000fe000000)
  from space 15360K, 11% used [0x00000000fe000000,0x00000000fe1c8cc8,0x00000000fef00000)
  to   space 14848K, 0% used [0x00000000ff080000,0x00000000ff080000,0x00000000fff00000)
 ParOldGen       total 431616K, used 214887K [0x0000000080000000, 0x000000009a580000, 0x00000000d5580000)
  object space 431616K, 49% used [0x0000000080000000,0x000000008d1d9f08,0x000000009a580000)
 Metaspace       used 53998K, capacity 60613K, committed 60824K, reserved 1099776K
  class space    used 8280K, capacity 10042K, committed 10152K, reserved 1048576K
GC Heap History (10 events):
Event: 34.288 GC heap before
{Heap before GC invocations=108 (full 2):
 PSYoungGen      total 680448K, used 665056K [0x00000000d5580000, 0x0000000100000000, 0x0000000100000000)
  eden space 663040K, 100% used [0x00000000d5580000,0x00000000fdd00000,0x00000000fdd00000)
  from space 17408K, 11% used [0x00000000fdd00000,0x00000000fdef8000,0x00000000fee00000)
  to   space 17408K, 0% used [0x00000000fef00000,0x00000000fef00000,0x0000000100000000)
 ParOldGen       total 431616K, used 268594K [0x0000000080000000, 0x000000009a580000, 0x00000000d5580000)
  object space 431616K, 62% used [0x0000000080000000,0x000000009064caf8,0x000000009a580000)
 Metaspace       used 52441K, capacity 59005K, committed 59160K, reserved 1099776K
  class space    used 7975K, capacity 9666K, committed 9768K, reserved 1048576K
Event: 34.347 GC heap after
Heap after GC invocations=108 (full 2):
 PSYoungGen      total 680448K, used 2272K [0x00000000d5580000, 0x00000000fff00000, 0x0000000100000000)
  eden space 664064K, 0% used [0x00000000d5580000,0x00000000d5580000,0x00000000fde00000)
  from space 16384K, 13% used [0x00000000fef00000,0x00000000ff138000,0x00000000fff00000)
  to   space 16896K, 0% used [0x00000000fde00000,0x00000000fde00000,0x00000000fee80000)
 ParOldGen       total 431616K, used 268834K [0x0000000080000000, 0x000000009a580000, 0x00000000d5580000)
  object space 431616K, 62% used [0x0000000080000000,0x0000000090688af8,0x000000009a580000)
 Metaspace       used 52441K, capacity 59005K, committed 59160K, reserved 1099776K
  class space    used 7975K, capacity 9666K, committed 9768K, reserved 1048576K
}
Event: 35.532 GC heap before
{Heap before GC invocations=109 (full 2):
 PSYoungGen      total 680448K, used 666336K [0x00000000d5580000, 0x00000000fff00000, 0x0000000100000000)
  eden space 664064K, 100% used [0x00000000d5580000,0x00000000fde00000,0x00000000fde00000)
  from space 16384K, 13% used [0x00000000fef00000,0x00000000ff138000,0x00000000fff00000)
  to   space 16896K, 0% used [0x00000000fde00000,0x00000000fde00000,0x00000000fee80000)
 ParOldGen       total 431616K, used 268834K [0x0000000080000000, 0x000000009a580000, 0x00000000d5580000)
  object space 431616K, 62% used [0x0000000080000000,0x0000000090688af8,0x000000009a580000)
 Metaspace       used 52442K, capacity 59005K, committed 59160K, reserved 1099776K
  class space    used 7975K, capacity 9666K, committed 9768K, reserved 1048576K
Event: 35.555 GC heap after
Heap after GC invocations=109 (full 2):
 PSYoungGen      total 680960K, used 2784K [0x00000000d5580000, 0x00000000ffe80000, 0x0000000100000000)
  eden space 664064K, 0% used [0x00000000d5580000,0x00000000d5580000,0x00000000fde00000)
  from space 16896K, 16% used [0x00000000fde00000,0x00000000fe0b8000,0x00000000fee80000)
  to   space 15872K, 0% used [0x00000000fef00000,0x00000000fef00000,0x00000000ffe80000)
 ParOldGen       total 431616K, used 269306K [0x0000000080000000, 0x000000009a580000, 0x00000000d5580000)
  object space 431616K, 62% used [0x0000000080000000,0x00000000906feaf8,0x000000009a580000)
 Metaspace       used 52442K, capacity 59005K, committed 59160K, reserved 1099776K
  class space    used 7975K, capacity 9666K, committed 9768K, reserved 1048576K
}
Event: 45.519 GC heap before
{Heap before GC invocations=110 (full 2):
 PSYoungGen      total 680960K, used 55377K [0x00000000d5580000, 0x00000000ffe80000, 0x0000000100000000)
  eden space 664064K, 7% used [0x00000000d5580000,0x00000000d88dc7d8,0x00000000fde00000)
  from space 16896K, 16% used [0x00000000fde00000,0x00000000fe0b8000,0x00000000fee80000)
  to   space 15872K, 0% used [0x00000000fef00000,0x00000000fef00000,0x00000000ffe80000)
 ParOldGen       total 431616K, used 269306K [0x0000000080000000, 0x000000009a580000, 0x00000000d5580000)
  object space 431616K, 62% used [0x0000000080000000,0x00000000906feaf8,0x000000009a580000)
 Metaspace       used 52471K, capacity 59005K, committed 59160K, reserved 1099776K
  class space    used 7975K, capacity 9666K, committed 9768K, reserved 1048576K
Event: 45.532 GC heap after
Heap after GC invocations=110 (full 2):
 PSYoungGen      total 681472K, used 2272K [0x00000000d5580000, 0x00000000ffe00000, 0x0000000100000000)
  eden space 666112K, 0% used [0x00000000d5580000,0x00000000d5580000,0x00000000fe000000)
  from space 15360K, 14% used [0x00000000fef00000,0x00000000ff138000,0x00000000ffe00000)
  to   space 15360K, 0% used [0x00000000fe000000,0x00000000fe000000,0x00000000fef00000)
 ParOldGen       total 431616K, used 269826K [0x0000000080000000, 0x000000009a580000, 0x00000000d5580000)
  object space 431616K, 62% used [0x0000000080000000,0x0000000090780af8,0x000000009a580000)
 Metaspace       used 52471K, capacity 59005K, committed 59160K, reserved 1099776K
  class space    used 7975K, capacity 9666K, committed 9768K, reserved 1048576K
}
Event: 45.532 GC heap before
{Heap before GC invocations=111 (full 3):
 PSYoungGen      total 681472K, used 2272K [0x00000000d5580000, 0x00000000ffe00000, 0x0000000100000000)
  eden space 666112K, 0% used [0x00000000d5580000,0x00000000d5580000,0x00000000fe000000)
  from space 15360K, 14% used [0x00000000fef00000,0x00000000ff138000,0x00000000ffe00000)
  to   space 15360K, 0% used [0x00000000fe000000,0x00000000fe000000,0x00000000fef00000)
 ParOldGen       total 431616K, used 269826K [0x0000000080000000, 0x000000009a580000, 0x00000000d5580000)
  object space 431616K, 62% used [0x0000000080000000,0x0000000090780af8,0x000000009a580000)
 Metaspace       used 52471K, capacity 59005K, committed 59160K, reserved 1099776K
  class space    used 7975K, capacity 9666K, committed 9768K, reserved 1048576K
Event: 47.098 GC heap after
Heap after GC invocations=111 (full 3):
 PSYoungGen      total 681472K, used 0K [0x00000000d5580000, 0x00000000ffe00000, 0x0000000100000000)
  eden space 666112K, 0% used [0x00000000d5580000,0x00000000d5580000,0x00000000fe000000)
  from space 15360K, 0% used [0x00000000fef00000,0x00000000fef00000,0x00000000ffe00000)
  to   space 15360K, 0% used [0x00000000fe000000,0x00000000fe000000,0x00000000fef00000)
 ParOldGen       total 431616K, used 214879K [0x0000000080000000, 0x000000009a580000, 0x00000000d5580000)
  object space 431616K, 49% used [0x0000000080000000,0x000000008d1d7f08,0x000000009a580000)
 Metaspace       used 52458K, capacity 58973K, committed 59160K, reserved 1099776K
  class space    used 7971K, capacity 9658K, committed 9768K, reserved 1048576K
}
Event: 178.357 GC heap before
{Heap before GC invocations=112 (full 3):
 PSYoungGen      total 681472K, used 666112K [0x00000000d5580000, 0x00000000ffe00000, 0x0000000100000000)
  eden space 666112K, 100% used [0x00000000d5580000,0x00000000fe000000,0x00000000fe000000)
  from space 15360K, 0% used [0x00000000fef00000,0x00000000fef00000,0x00000000ffe00000)
  to   space 15360K, 0% used [0x00000000fe000000,0x00000000fe000000,0x00000000fef00000)
 ParOldGen       total 431616K, used 214879K [0x0000000080000000, 0x000000009a580000, 0x00000000d5580000)
  object space 431616K, 49% used [0x0000000080000000,0x000000008d1d7f08,0x000000009a580000)
 Metaspace       used 53980K, capacity 60613K, committed 60824K, reserved 1099776K
  class space    used 8280K, capacity 10042K, committed 10152K, reserved 1048576K
Event: 178.363 GC heap after
Heap after GC invocations=112 (full 3):
 PSYoungGen      total 681472K, used 1827K [0x00000000d5580000, 0x00000000fff00000, 0x0000000100000000)
  eden space 666112K, 0% used [0x00000000d5580000,0x00000000d5580000,0x00000000fe000000)
  from space 15360K, 11% used [0x00000000fe000000,0x00000000fe1c8cc8,0x00000000fef00000)
  to   space 14848K, 0% used [0x00000000ff080000,0x00000000ff080000,0x00000000fff00000)
 ParOldGen       total 431616K, used 214887K [0x0000000080000000, 0x000000009a580000, 0x00000000d5580000)
  object space 431616K, 49% used [0x0000000080000000,0x000000008d1d9f08,0x000000009a580000)
 Metaspace       used 53980K, capacity 60613K, committed 60824K, reserved 1099776K
  class space    used 8280K, capacity 10042K, committed 10152K, reserved 1048576K
}

